Received from IP 125.82.208.114 and PORT 11762
7***************************************************************************************************
0|Koalaersion='1.0' enco^
0
SELECT title, dates FROM Koala_notes;
0|平安夜没有仇恨|05-11 12:00:56|嬴政|04-30 18:25:25|泰坦尼克号背后的谎言|05-08 16:30:30|冬眠 -夏宇|05-12 20:27:26|爱因斯坦致女儿的一封信：爱是一切的答案|05-14 15:55:12
7***************************************************************************************************
4|Koala
4
SELECT username, hdno FROM Koala_follow;
4|Koala|1|oubc|4
7***************************************************************************************************
0|Koala
0
SELECT title, dates FROM Koala_notes;
0|平安夜没有仇恨|05-11 12:00:56|嬴政|04-30 18:25:25|泰坦尼克号背后的谎言|05-08 16:30:30|冬眠 -夏宇|05-12 20:27:26|爱因斯坦致女儿的一封信：爱是一切的答案|05-14 15:55:12
7***************************************************************************************************
4|Koala
4
SELECT username, hdno FROM Koala_follow;
4|Koala|1|oubc|4
7***************************************************************************************************
9|Koala
9
SELECT myshared, username, hdno, title, text FROM Koala_share;
9|1|oubc|4|平安夜没有仇恨|1944年，一对德国母子在阿登森林的木屋准备圣诞晚宴，突然来了三个迷路的美国大兵，其中一个受了重伤，他们希望得到一些食物，这位母亲答应了。没多久敲门声再次响起，这次却是两个德国军人，他们也在阿登战役中被打散了，短暂惊慌后，母亲向德国人说明了实情，并提议双方都把武器放在屋外，两伙士兵竟然同意了。整个晚餐在沉默中进行得很尴尬，但双方始终没有发生任何冲突，其中一个德国医护兵还为美国伤员处理了伤口，分别前，德国人送给了美国人一枚指南针，并告诉他们如何绕开战场返回后方，随后自己也返回战地，继续战斗。几十年后，其中一个美军布兰克公开了这个故事。说到这，想起了一句电影台词：作为军人，在战场上，杀你是我得职责，但作为一个人，我很后悔，愿世界和平。|1|oubc|4|嬴政|历史上第一位皇帝，嬴政
骂他暴君，可他在位37年，却没有妄杀一位将军大臣。斥他严刑峻法，可他却制定了最早保护人犯的法律。儒生讲：秦始皇为一己私欲，令六十万苦力修建阿房宫，儒生讲：秦始皇是妖孽，是暴君，焚书坑儒暴谴天物，可2006年考古学家发现，阿房宫根本没有建成，而焚书坑儒坑的不是儒，是奇人术士，换言之就是封建迷信。秦始皇认为要以法律治理天下，但在儒生们的眼里，法律是残暴的，秦始皇改革是逆天而行，所以在他死后，儒生把秦始皇作为负面教材，可兴修水利、制定律法、统一文字货币，这哪一样不配千古一帝，历史只会记载当权者认为该留下的事实，他并没有败，只是输给了时间。|0|oubc|4|泰坦尼克号背后的谎言|1912年，号称永不沉没的泰坦尼克号处女航就发生海难，对于当时英美保险业、造船业、旅游业都是重大打击，危机下，美英两国和白星公司进行了一场堪称教科书版的“公关策划”，他们先是大肆宣扬有钱有势的社会精英自我牺牲保护锅炉房穷女孩的感人故事，然后把船上生还的六个中国人描绘成了反面案例，宣称他们是偷渡客，谴责他们用辫子伪装成女性，登上救生艇逃生，于是公众视野和社会矛盾被成功转移。然而，真相是泰坦尼克号头等舱的生还率为62.2%，二等舱41.5%，三等舱25.2%，有些救生艇甚至还有贵族宠物狗，而那六个中国人完全是正常乘客，而且都是在海里抓住漂浮物才得到救援，六位幸存同胞面对种种污蔑却无力辩解，因为当时我们没有话语权，还好真相只是迟到，并没有缺席。|1|oubc|4|冬眠 -夏宇|我只不过为了储存足够的爱，足够的温柔与狡猾，以防 万一，醒来就遇见你。
我只不过为了储存足够的骄傲，足够的孤独和冷漠，以防 万一，醒来你已离去。|0|oubc|4|爱因斯坦致女儿的一封信：爱是一切的答案|当我发表相对论理论的时候，几乎没有人能理解。而我现在揭露出来要传达给人类的，更将会与现有人类对世界的误解和偏见产生冲突。 
我要求你保护这些信件越久越好，几年，几十年，直到社会进步到能够接受我下面将要所解释的。 
有一种无穷无尽的能量源，迄今为止科学都没有对他找到一个合理的解释。这是一种生命力，包含并统领所有其他的一切。而且在任何宇宙的运行现象之后，甚至还没有被我们定义。这种生命力叫“爱”。 
当科学家们苦苦寻找一个未定义的宇宙统一理论的时候，他们已经忘了大部分充满力量的无形之力。 
爱是光，爱能够启示那些给与并得到它的人。爱是地心引力，因为爱能让人们互相吸引。爱是能量，因为爱产生我们最好的东西而且爱允许人类不用去消除看不见的自私。爱能掩盖，爱能揭露。因为爱，我们才活着，因为爱，我们死去。爱是上帝，上帝就是爱。 
这个驱动力解释着一切，让我们的生命充满意义。这是一个我们已经忽略了太久的变量，也许因为我们害怕爱，因为这是宇宙中唯一的人类还无法随意驾驭的能量。 
为了让爱能够清晰可见，我用最著名的方程式做了个简单的替代法。如果不是E=mc2，我们接受治愈这个世界的能量能通过爱乘以光速的平方来获得，我们就得出这样一个结论：爱就是最强大的的力量，因为爱没有限制。 
在人类无法运用和控制其余所有宇宙上的那些与我们作对的能量之后，我们迫不及待地需要另外一种能量来滋养我们。 
如果我们想要自己的物种得以存活，如果我们发现了生命的意义，如果我们想拯救这个世界和每一个居住在世界上的生灵，爱是唯一的答案。 
也许我们还没有准备好制造一个爱的__，一个能量满满的装备来彻底的摧毁能够导致地球毁灭的仇恨、自私和贪婪。 
然而，每一个独立的个体内在都带着很细微的但是待释放的强大的爱的发电机。 
当我们学会给与和接受这种宇宙能量的时候，亲爱的Lieserl，我们就得承认爱能降服一切，爱超越每一个存在和任何存在，因为爱就是生命的精髓。
   
我深感遗憾，没有能够表达我内心深处的东西，这让我一生都在为你而受鞭打着。或许，现在抱歉太晚了，但是时间是相对的，我需要告诉你的是，我爱你，谢谢你，因为我终于找到了最终的答案！！
7***************************************************************************************************
